0 verbose cli C:\Program Files\nodejs\node.exe C:\Program Files\nodejs\node_modules\npm\bin\npm-cli.js
1 info using npm@10.9.3
2 info using node@v22.20.0
3 silly config load:file:C:\Program Files\nodejs\node_modules\npm\npmrc
4 silly config load:file:C:\Users\user\Builds\Command Center\brand\windchasers\dashboard\build\.npmrc
5 silly config load:file:C:\Users\user\.npmrc
6 silly config load:file:C:\Users\user\AppData\Roaming\npm\etc\npmrc
7 verbose title npm run build
8 verbose argv "run" "build"
9 verbose logfile logs-max:10 dir:C:\Users\user\Builds\Command Center\brand\windchasers\dashboard\build\.npm\_logs\2026-01-30T06_15_20_604Z-
10 verbose logfile C:\Users\user\Builds\Command Center\brand\windchasers\dashboard\build\.npm\_logs\2026-01-30T06_15_20_604Z-debug-0.log
11 silly logfile done cleaning log files
12 http fetch GET 200 https://registry.npmjs.org/npm 148ms
13 verbose cwd C:\Users\user\Builds\Command Center\brand\windchasers\dashboard\build
14 verbose os Windows_NT 10.0.26100
15 verbose node v22.20.0
16 verbose npm  v10.9.3
17 notice
17 notice New major version of npm available! 10.9.3 -> 11.8.0
17 notice Changelog: https://github.com/npm/cli/releases/tag/v11.8.0
17 notice To update run: npm install -g npm@11.8.0
17 notice  { force: true, [Symbol(proc-log.meta)]: true }
18 verbose exit 0
19 info ok
